mode: set
hourglass-rejeicoes-rpa/internal/storage/json.go:21.43,26.2 1 1
hourglass-rejeicoes-rpa/internal/storage/json.go:28.85,29.56 1 1
hourglass-rejeicoes-rpa/internal/storage/json.go:29.56,31.3 1 1
hourglass-rejeicoes-rpa/internal/storage/json.go:33.2,37.61 4 1
hourglass-rejeicoes-rpa/internal/storage/json.go:37.61,39.3 1 1
hourglass-rejeicoes-rpa/internal/storage/json.go:41.2,41.59 1 1
hourglass-rejeicoes-rpa/internal/storage/json.go:41.59,43.3 1 0
hourglass-rejeicoes-rpa/internal/storage/json.go:45.2,45.12 1 1
hourglass-rejeicoes-rpa/internal/storage/json.go:48.85,50.16 2 1
hourglass-rejeicoes-rpa/internal/storage/json.go:50.16,52.3 1 0
hourglass-rejeicoes-rpa/internal/storage/json.go:54.2,54.59 1 1
hourglass-rejeicoes-rpa/internal/storage/json.go:54.59,56.3 1 1
hourglass-rejeicoes-rpa/internal/storage/json.go:58.2,58.12 1 1
hourglass-rejeicoes-rpa/internal/storage/json.go:61.84,63.16 2 1
hourglass-rejeicoes-rpa/internal/storage/json.go:63.16,65.3 1 0
hourglass-rejeicoes-rpa/internal/storage/json.go:66.2,73.45 5 1
hourglass-rejeicoes-rpa/internal/storage/json.go:73.45,75.3 1 0
hourglass-rejeicoes-rpa/internal/storage/json.go:78.2,78.30 1 1
hourglass-rejeicoes-rpa/internal/storage/json.go:78.30,86.43 2 1
hourglass-rejeicoes-rpa/internal/storage/json.go:86.43,88.4 1 0
hourglass-rejeicoes-rpa/internal/storage/json.go:91.2,91.12 1 1
hourglass-rejeicoes-rpa/internal/storage/json.go:94.63,96.16 2 1
hourglass-rejeicoes-rpa/internal/storage/json.go:96.16,97.25 1 1
hourglass-rejeicoes-rpa/internal/storage/json.go:97.25,99.4 1 1
hourglass-rejeicoes-rpa/internal/storage/json.go:100.3,100.64 1 0
hourglass-rejeicoes-rpa/internal/storage/json.go:103.2,104.55 2 1
hourglass-rejeicoes-rpa/internal/storage/json.go:104.55,106.3 1 1
hourglass-rejeicoes-rpa/internal/storage/json.go:108.2,108.21 1 1
hourglass-rejeicoes-rpa/internal/storage/json.go:111.67,113.16 2 1
hourglass-rejeicoes-rpa/internal/storage/json.go:113.16,115.3 1 0
hourglass-rejeicoes-rpa/internal/storage/json.go:117.2,117.64 1 1
hourglass-rejeicoes-rpa/internal/storage/json.go:117.64,119.3 1 1
hourglass-rejeicoes-rpa/internal/storage/json.go:121.2,121.12 1 1
